# JRE version: OpenJDK Runtime Environment (11.0.8+10) (build 11.0.8+10-b944.6842174)
# Java VM: OpenJDK 64-Bit Server VM (11.0.8+10-b944.6842174, mixed mode, tiered, compressed oops, g1 gc, windows-amd64)
Heap:
 garbage-first heap   total 260096K, used 95571K [0x0000000080000000, 0x0000000100000000)
  region size 1024K, 15 young (15360K), 11 survivors (11264K)
 Metaspace       used 84368K, capacity 86423K, committed 86604K, reserved 1124352K
  class space    used 10822K, capacity 11565K, committed 11596K, reserved 1048576K
GC Heap History (20 events):
Event: 3.265 GC heap before
{Heap before GC invocations=3 (full 0):
 garbage-first heap   total 260096K, used 75490K [0x0000000080000000, 0x0000000100000000)
  region size 1024K, 69 young (70656K), 11 survivors (11264K)
 Metaspace       used 27160K, capacity 27806K, committed 27904K, reserved 1073152K
  class space    used 3579K, capacity 3821K, committed 3840K, reserved 1048576K
}
Event: 3.272 GC heap after
{Heap after GC invocations=4 (full 0):
 garbage-first heap   total 260096K, used 18274K [0x0000000080000000, 0x0000000100000000)
  region size 1024K, 3 young (3072K), 3 survivors (3072K)
 Metaspace       used 27160K, capacity 27806K, committed 27904K, reserved 1073152K
  class space    used 3579K, capacity 3821K, committed 3840K, reserved 1048576K
}
Event: 4.022 GC heap before
{Heap before GC invocations=4 (full 0):
 garbage-first heap   total 260096K, used 57186K [0x0000000080000000, 0x0000000100000000)
  region size 1024K, 42 young (43008K), 3 survivors (3072K)
 Metaspace       used 35113K, capacity 35772K, committed 35840K, reserved 1081344K
  class space    used 4569K, capacity 4857K, committed 4864K, reserved 1048576K
}
Event: 4.029 GC heap after
{Heap after GC invocations=5 (full 0):
 garbage-first heap   total 260096K, used 21097K [0x0000000080000000, 0x0000000100000000)
  region size 1024K, 6 young (6144K), 6 survivors (6144K)
 Metaspace       used 35113K, capacity 35772K, committed 35840K, reserved 1081344K
  class space    used 4569K, capacity 4857K, committed 4864K, reserved 1048576K
}
Event: 5.761 GC heap before
{Heap before GC invocations=6 (full 0):
 garbage-first heap   total 260096K, used 130665K [0x0000000080000000, 0x0000000100000000)
  region size 1024K, 110 young (112640K), 6 survivors (6144K)
 Metaspace       used 44310K, capacity 45324K, committed 45568K, reserved 1089536K
  class space    used 5676K, capacity 6056K, committed 6144K, reserved 1048576K
}
Event: 5.769 GC heap after
{Heap after GC invocations=7 (full 0):
 garbage-first heap   total 260096K, used 26850K [0x0000000080000000, 0x0000000100000000)
  region size 1024K, 11 young (11264K), 11 survivors (11264K)
 Metaspace       used 44310K, capacity 45324K, committed 45568K, reserved 1089536K
  class space    used 5676K, capacity 6056K, committed 6144K, reserved 1048576K
}
Event: 7.896 GC heap before
{Heap before GC invocations=7 (full 0):
 garbage-first heap   total 260096K, used 169186K [0x0000000080000000, 0x0000000100000000)
  region size 1024K, 145 young (148480K), 11 survivors (11264K)
 Metaspace       used 56917K, capacity 58311K, committed 58496K, reserved 1099776K
  class space    used 7238K, capacity 7714K, committed 7808K, reserved 1048576K
}
Event: 7.913 GC heap after
{Heap after GC invocations=8 (full 0):
 garbage-first heap   total 260096K, used 45327K [0x0000000080000000, 0x0000000100000000)
  region size 1024K, 19 young (19456K), 19 survivors (19456K)
 Metaspace       used 56917K, capacity 58311K, committed 58496K, reserved 1099776K
  class space    used 7238K, capacity 7714K, committed 7808K, reserved 1048576K
}
Event: 8.317 GC heap before
{Heap before GC invocations=8 (full 0):
 garbage-first heap   total 260096K, used 63759K [0x0000000080000000, 0x0000000100000000)
  region size 1024K, 37 young (37888K), 19 survivors (19456K)
 Metaspace       used 58686K, capacity 60113K, committed 60160K, reserved 1101824K
  class space    used 7424K, capacity 7923K, committed 7936K, reserved 1048576K
}
Event: 8.335 GC heap after
{Heap after GC invocations=9 (full 0):
 garbage-first heap   total 260096K, used 47883K [0x0000000080000000, 0x0000000100000000)
  region size 1024K, 3 young (3072K), 3 survivors (3072K)
 Metaspace       used 58686K, capacity 60113K, committed 60160K, reserved 1101824K
  class space    used 7424K, capacity 7923K, committed 7936K, reserved 1048576K
}
Event: 10.475 GC heap before
{Heap before GC invocations=10 (full 0):
 garbage-first heap   total 260096K, used 140043K [0x0000000080000000, 0x0000000100000000)
  region size 1024K, 93 young (95232K), 3 survivors (3072K)
 Metaspace       used 66662K, capacity 68120K, committed 68300K, reserved 1107968K
  class space    used 8628K, capacity 9136K, committed 9164K, reserved 1048576K
}
Event: 10.481 GC heap after
{Heap after GC invocations=11 (full 0):
 garbage-first heap   total 260096K, used 52821K [0x0000000080000000, 0x0000000100000000)
  region size 1024K, 8 young (8192K), 8 survivors (8192K)
 Metaspace       used 66662K, capacity 68120K, committed 68300K, reserved 1107968K
  class space    used 8628K, capacity 9136K, committed 9164K, reserved 1048576K
}
Event: 12.235 GC heap before
{Heap before GC invocations=11 (full 0):
 garbage-first heap   total 260096K, used 150101K [0x0000000080000000, 0x0000000100000000)
  region size 1024K, 104 young (106496K), 8 survivors (8192K)
 Metaspace       used 76762K, capacity 78354K, committed 78412K, reserved 1118208K
  class space    used 9958K, capacity 10550K, committed 10572K, reserved 1048576K
}
Event: 12.247 GC heap after
{Heap after GC invocations=12 (full 0):
 garbage-first heap   total 260096K, used 59117K [0x0000000080000000, 0x0000000100000000)
  region size 1024K, 13 young (13312K), 13 survivors (13312K)
 Metaspace       used 76762K, capacity 78354K, committed 78412K, reserved 1118208K
  class space    used 9958K, capacity 10550K, committed 10572K, reserved 1048576K
}
Event: 13.768 GC heap before
{Heap before GC invocations=12 (full 0):
 garbage-first heap   total 260096K, used 159469K [0x0000000080000000, 0x0000000100000000)
  region size 1024K, 112 young (114688K), 13 survivors (13312K)
 Metaspace       used 79993K, capacity 81991K, committed 82124K, reserved 1120256K
  class space    used 10373K, capacity 11098K, committed 11212K, reserved 1048576K
}
Event: 13.779 GC heap after
{Heap after GC invocations=13 (full 0):
 garbage-first heap   total 260096K, used 64670K [0x0000000080000000, 0x0000000100000000)
  region size 1024K, 12 young (12288K), 12 survivors (12288K)
 Metaspace       used 79993K, capacity 81991K, committed 82124K, reserved 1120256K
  class space    used 10373K, capacity 11098K, committed 11212K, reserved 1048576K
}
Event: 15.779 GC heap before
{Heap before GC invocations=13 (full 0):
 garbage-first heap   total 260096K, used 173214K [0x0000000080000000, 0x0000000100000000)
  region size 1024K, 116 young (118784K), 12 survivors (12288K)
 Metaspace       used 81374K, capacity 83374K, committed 83532K, reserved 1122304K
  class space    used 10478K, capacity 11209K, committed 11340K, reserved 1048576K
}
Event: 15.795 GC heap after
{Heap after GC invocations=14 (full 0):
 garbage-first heap   total 260096K, used 79353K [0x0000000080000000, 0x0000000100000000)
  region size 1024K, 15 young (15360K), 15 survivors (15360K)
 Metaspace       used 81374K, capacity 83374K, committed 83532K, reserved 1122304K
  class space    used 10478K, capacity 11209K, committed 11340K, reserved 1048576K
}
Event: 17.998 GC heap before
{Heap before GC invocations=14 (full 0):
 garbage-first heap   total 260096K, used 184825K [0x0000000080000000, 0x0000000100000000)
  region size 1024K, 113 young (115712K), 15 survivors (15360K)
 Metaspace       used 84364K, capacity 86423K, committed 86604K, reserved 1124352K
  class space    used 10822K, capacity 11565K, committed 11596K, reserved 1048576K
}
Event: 18.016 GC heap after
{Heap after GC invocations=15 (full 0):
 garbage-first heap   total 260096K, used 90451K [0x0000000080000000, 0x0000000100000000)
  region size 1024K, 11 young (11264K), 11 survivors (11264K)
 Metaspace       used 84364K, capacity 86423K, committed 86604K, reserved 1124352K
  class space    used 10822K, capacity 11565K, committed 11596K, reserved 1048576K
}

